<?xml version="1.0" encoding="UTF-8"?>
<!-- Generated by org.testng.reporters.JUnitReportReporter -->
<testsuite hostname="nitish" name="PracticeJava.MultipleWindow" tests="1" failures="0" timestamp="3 Jun 2018 17:28:48 GMT" time="44.100" errors="0">
  <testcase name="test" time="44.100" classname="PracticeJava.MultipleWindow"/>
</testsuite> <!-- PracticeJava.MultipleWindow -->
