<?xml version="1.0" encoding="UTF-8"?>
<!-- Generated by org.testng.reporters.JUnitReportReporter -->
<testsuite hostname="nitish" name="PracticeJava.rough" tests="1" failures="0" timestamp="26 May 2018 07:44:35 GMT" time="29.402" errors="0">
  <testcase name="test" time="29.402" classname="PracticeJava.rough"/>
</testsuite> <!-- PracticeJava.rough -->
