<?xml version="1.0" encoding="UTF-8"?>
<!-- Generated by org.testng.reporters.JUnitReportReporter -->
<testsuite hostname="nitish" name="PracticeJava.Statedlearning" tests="1" failures="0" timestamp="7 Feb 2018 17:57:45 GMT" time="0.029" errors="0">
  <testcase name="Startlearn" time="0.029" classname="PracticeJava.Statedlearning"/>
</testsuite> <!-- PracticeJava.Statedlearning -->
