<?xml version="1.0" encoding="UTF-8"?>
<!-- Generated by org.testng.reporters.JUnitReportReporter -->
<testsuite hostname="nitish" name="PracticeJava.rough" tests="1" failures="0" timestamp="22 Feb 2018 18:24:15 GMT" time="29.892" errors="0">
  <testcase name="test" time="29.892" classname="PracticeJava.rough"/>
</testsuite> <!-- PracticeJava.rough -->
